<?xml version="1.0" encoding="UTF-8" ?>
<testsuites>
  <testsuite errors="0" failures="0" hostname="ip-172-31-22-251" id="0" name="AdditionTest" package="" skipped="0" tests="3" time="0.188" timestamp="2018-06-25T16:15:54">
      <properties>
[...]
</properties>

      <testcase classname="AdditionTest" name="testNum1" time="0.001" />

      <testcase classname="AdditionTest" name="testNum2" time="0.001" />

      <testcase classname="AdditionTest" name="testGetSum" time="0.0" />

      <system-out><![CDATA[]]></system-out>

      <system-err><![CDATA[]]></system-err>

  </testsuite>
</testsuites>
